<?xml version="1.0" encoding="UTF-8"?>
<testsuite xmlns:xsi="http://www.w3.org/2001/XMLSchema-instance" xsi:noNamespaceSchemaLocation="https://maven.apache.org/surefire/maven-surefire-plugin/xsd/surefire-test-report.xsd" name="com.power222.tuimspfcauppbj.service.RsocketNotificationServiceTests" time="3.087" tests="7" errors="0" skipped="0" failures="0">
  <properties>
    <property name="awt.toolkit" value="sun.awt.X11.XToolkit"/>
    <property name="java.specification.version" value="11"/>
    <property name="sun.cpu.isalist" value=""/>
    <property name="sun.jnu.encoding" value="UTF-8"/>
    <property name="java.class.path" value="/home/thiago/Downloads/InternshipManager/target/test-classes:/home/thiago/Downloads/InternshipManager/target/classes:/home/thiago/.m2/repository/com/itextpdf/barcodes/7.1.13/barcodes-7.1.13.jar:/home/thiago/.m2/repository/com/itextpdf/font-asian/7.1.13/font-asian-7.1.13.jar:/home/thiago/.m2/repository/com/itextpdf/forms/7.1.13/forms-7.1.13.jar:/home/thiago/.m2/repository/com/itextpdf/hyph/7.1.13/hyph-7.1.13.jar:/home/thiago/.m2/repository/com/itextpdf/pdfa/7.1.13/pdfa-7.1.13.jar:/home/thiago/.m2/repository/com/itextpdf/sign/7.1.13/sign-7.1.13.jar:/home/thiago/.m2/repository/com/itextpdf/styled-xml-parser/7.1.13/styled-xml-parser-7.1.13.jar:/home/thiago/.m2/repository/com/itextpdf/svg/7.1.13/svg-7.1.13.jar:/home/thiago/.m2/repository/com/itextpdf/io/7.1.13/io-7.1.13.jar:/home/thiago/.m2/repository/org/slf4j/slf4j-api/1.7.30/slf4j-api-1.7.30.jar:/home/thiago/.m2/repository/com/itextpdf/kernel/7.1.13/kernel-7.1.13.jar:/home/thiago/.m2/repository/org/bouncycastle/bcpkix-jdk15on/1.64/bcpkix-jdk15on-1.64.jar:/home/thiago/.m2/repository/org/bouncycastle/bcprov-jdk15on/1.64/bcprov-jdk15on-1.64.jar:/home/thiago/.m2/repository/com/itextpdf/layout/7.1.13/layout-7.1.13.jar:/home/thiago/.m2/repository/org/apache/pdfbox/pdfbox/2.0.21/pdfbox-2.0.21.jar:/home/thiago/.m2/repository/org/apache/pdfbox/fontbox/2.0.21/fontbox-2.0.21.jar:/home/thiago/.m2/repository/commons-logging/commons-logging/1.2/commons-logging-1.2.jar:/home/thiago/.m2/repository/org/springframework/boot/spring-boot-starter-rsocket/2.4.0/spring-boot-starter-rsocket-2.4.0.jar:/home/thiago/.m2/repository/org/springframework/boot/spring-boot-starter/2.4.0/spring-boot-starter-2.4.0.jar:/home/thiago/.m2/repository/org/springframework/boot/spring-boot-starter-logging/2.4.0/spring-boot-starter-logging-2.4.0.jar:/home/thiago/.m2/repository/ch/qos/logback/logback-classic/1.2.3/logback-classic-1.2.3.jar:/home/thiago/.m2/repository/ch/qos/logback/logback-core/1.2.3/logback-core-1.2.3.jar:/home/thiago/.m2/repository/org/apache/logging/log4j/log4j-to-slf4j/2.13.3/log4j-to-slf4j-2.13.3.jar:/home/thiago/.m2/repository/org/apache/logging/log4j/log4j-api/2.13.3/log4j-api-2.13.3.jar:/home/thiago/.m2/repository/org/slf4j/jul-to-slf4j/1.7.30/jul-to-slf4j-1.7.30.jar:/home/thiago/.m2/repository/jakarta/annotation/jakarta.annotation-api/1.3.5/jakarta.annotation-api-1.3.5.jar:/home/thiago/.m2/repository/org/yaml/snakeyaml/1.27/snakeyaml-1.27.jar:/home/thiago/.m2/repository/org/springframework/boot/spring-boot-starter-json/2.4.0/spring-boot-starter-json-2.4.0.jar:/home/thiago/.m2/repository/com/fasterxml/jackson/core/jackson-databind/2.11.3/jackson-databind-2.11.3.jar:/home/thiago/.m2/repository/com/fasterxml/jackson/core/jackson-annotations/2.11.3/jackson-annotations-2.11.3.jar:/home/thiago/.m2/repository/com/fasterxml/jackson/datatype/jackson-datatype-jdk8/2.11.3/jackson-datatype-jdk8-2.11.3.jar:/home/thiago/.m2/repository/com/fasterxml/jackson/datatype/jackson-datatype-jsr310/2.11.3/jackson-datatype-jsr310-2.11.3.jar:/home/thiago/.m2/repository/com/fasterxml/jackson/module/jackson-module-parameter-names/2.11.3/jackson-module-parameter-names-2.11.3.jar:/home/thiago/.m2/repository/org/springframework/boot/spring-boot-starter-reactor-netty/2.4.0/spring-boot-starter-reactor-netty-2.4.0.jar:/home/thiago/.m2/repository/com/fasterxml/jackson/dataformat/jackson-dataformat-cbor/2.11.3/jackson-dataformat-cbor-2.11.3.jar:/home/thiago/.m2/repository/com/fasterxml/jackson/core/jackson-core/2.11.3/jackson-core-2.11.3.jar:/home/thiago/.m2/repository/io/rsocket/rsocket-core/1.1.0/rsocket-core-1.1.0.jar:/home/thiago/.m2/repository/io/netty/netty-buffer/4.1.54.Final/netty-buffer-4.1.54.Final.jar:/home/thiago/.m2/repository/io/netty/netty-common/4.1.54.Final/netty-common-4.1.54.Final.jar:/home/thiago/.m2/repository/io/rsocket/rsocket-transport-netty/1.1.0/rsocket-transport-netty-1.1.0.jar:/home/thiago/.m2/repository/org/springframework/spring-messaging/5.3.1/spring-messaging-5.3.1.jar:/home/thiago/.m2/repository/org/springframework/spring-beans/5.3.1/spring-beans-5.3.1.jar:/home/thiago/.m2/repository/io/projectreactor/reactor-core/3.4.0/reactor-core-3.4.0.jar:/home/thiago/.m2/repository/org/reactivestreams/reactive-streams/1.0.3/reactive-streams-1.0.3.jar:/home/thiago/.m2/repository/io/projectreactor/netty/reactor-netty/1.0.1/reactor-netty-1.0.1.jar:/home/thiago/.m2/repository/io/projectreactor/netty/reactor-netty-core/1.0.1/reactor-netty-core-1.0.1.jar:/home/thiago/.m2/repository/io/netty/netty-handler/4.1.54.Final/netty-handler-4.1.54.Final.jar:/home/thiago/.m2/repository/io/netty/netty-resolver/4.1.54.Final/netty-resolver-4.1.54.Final.jar:/home/thiago/.m2/repository/io/netty/netty-transport/4.1.54.Final/netty-transport-4.1.54.Final.jar:/home/thiago/.m2/repository/io/netty/netty-codec/4.1.54.Final/netty-codec-4.1.54.Final.jar:/home/thiago/.m2/repository/io/netty/netty-handler-proxy/4.1.54.Final/netty-handler-proxy-4.1.54.Final.jar:/home/thiago/.m2/repository/io/netty/netty-codec-socks/4.1.54.Final/netty-codec-socks-4.1.54.Final.jar:/home/thiago/.m2/repository/io/netty/netty-resolver-dns/4.1.54.Final/netty-resolver-dns-4.1.54.Final.jar:/home/thiago/.m2/repository/io/netty/netty-codec-dns/4.1.54.Final/netty-codec-dns-4.1.54.Final.jar:/home/thiago/.m2/repository/io/netty/netty-transport-native-epoll/4.1.54.Final/netty-transport-native-epoll-4.1.54.Final-linux-x86_64.jar:/home/thiago/.m2/repository/io/netty/netty-transport-native-unix-common/4.1.54.Final/netty-transport-native-unix-common-4.1.54.Final.jar:/home/thiago/.m2/repository/io/projectreactor/netty/reactor-netty-http/1.0.1/reactor-netty-http-1.0.1.jar:/home/thiago/.m2/repository/io/netty/netty-codec-http/4.1.54.Final/netty-codec-http-4.1.54.Final.jar:/home/thiago/.m2/repository/io/netty/netty-codec-http2/4.1.54.Final/netty-codec-http2-4.1.54.Final.jar:/home/thiago/.m2/repository/io/projectreactor/netty/reactor-netty-http-brave/1.0.1/reactor-netty-http-brave-1.0.1.jar:/home/thiago/.m2/repository/io/zipkin/brave/brave-instrumentation-http/5.13.1/brave-instrumentation-http-5.13.1.jar:/home/thiago/.m2/repository/io/zipkin/brave/brave/5.13.1/brave-5.13.1.jar:/home/thiago/.m2/repository/io/zipkin/reporter2/zipkin-reporter-brave/2.16.0/zipkin-reporter-brave-2.16.0.jar:/home/thiago/.m2/repository/io/zipkin/reporter2/zipkin-reporter/2.16.0/zipkin-reporter-2.16.0.jar:/home/thiago/.m2/repository/io/zipkin/zipkin2/zipkin/2.22.2/zipkin-2.22.2.jar:/home/thiago/.m2/repository/org/springframework/boot/spring-boot-starter-quartz/2.4.0/spring-boot-starter-quartz-2.4.0.jar:/home/thiago/.m2/repository/org/springframework/spring-context-support/5.3.1/spring-context-support-5.3.1.jar:/home/thiago/.m2/repository/org/springframework/spring-context/5.3.1/spring-context-5.3.1.jar:/home/thiago/.m2/repository/org/springframework/spring-tx/5.3.1/spring-tx-5.3.1.jar:/home/thiago/.m2/repository/org/quartz-scheduler/quartz/2.3.2/quartz-2.3.2.jar:/home/thiago/.m2/repository/com/mchange/mchange-commons-java/0.2.15/mchange-commons-java-0.2.15.jar:/home/thiago/.m2/repository/org/springframework/boot/spring-boot-starter-actuator/2.4.0/spring-boot-starter-actuator-2.4.0.jar:/home/thiago/.m2/repository/org/springframework/boot/spring-boot-actuator-autoconfigure/2.4.0/spring-boot-actuator-autoconfigure-2.4.0.jar:/home/thiago/.m2/repository/org/springframework/boot/spring-boot-actuator/2.4.0/spring-boot-actuator-2.4.0.jar:/home/thiago/.m2/repository/io/micrometer/micrometer-core/1.6.1/micrometer-core-1.6.1.jar:/home/thiago/.m2/repository/org/hdrhistogram/HdrHistogram/2.1.12/HdrHistogram-2.1.12.jar:/home/thiago/.m2/repository/org/latencyutils/LatencyUtils/2.0.3/LatencyUtils-2.0.3.jar:/home/thiago/.m2/repository/org/springframework/boot/spring-boot-starter-data-jpa/2.4.0/spring-boot-starter-data-jpa-2.4.0.jar:/home/thiago/.m2/repository/org/springframework/boot/spring-boot-starter-aop/2.4.0/spring-boot-starter-aop-2.4.0.jar:/home/thiago/.m2/repository/org/aspectj/aspectjweaver/1.9.6/aspectjweaver-1.9.6.jar:/home/thiago/.m2/repository/org/springframework/boot/spring-boot-starter-jdbc/2.4.0/spring-boot-starter-jdbc-2.4.0.jar:/home/thiago/.m2/repository/com/zaxxer/HikariCP/3.4.5/HikariCP-3.4.5.jar:/home/thiago/.m2/repository/org/springframework/spring-jdbc/5.3.1/spring-jdbc-5.3.1.jar:/home/thiago/.m2/repository/jakarta/transaction/jakarta.transaction-api/1.3.3/jakarta.transaction-api-1.3.3.jar:/home/thiago/.m2/repository/jakarta/persistence/jakarta.persistence-api/2.2.3/jakarta.persistence-api-2.2.3.jar:/home/thiago/.m2/repository/org/hibernate/hibernate-core/5.4.23.Final/hibernate-core-5.4.23.Final.jar:/home/thiago/.m2/repository/org/jboss/logging/jboss-logging/3.4.1.Final/jboss-logging-3.4.1.Final.jar:/home/thiago/.m2/repository/org/javassist/javassist/3.24.0-GA/javassist-3.24.0-GA.jar:/home/thiago/.m2/repository/net/bytebuddy/byte-buddy/1.10.18/byte-buddy-1.10.18.jar:/home/thiago/.m2/repository/antlr/antlr/2.7.7/antlr-2.7.7.jar:/home/thiago/.m2/repository/org/jboss/jandex/2.1.3.Final/jandex-2.1.3.Final.jar:/home/thiago/.m2/repository/org/dom4j/dom4j/2.1.3/dom4j-2.1.3.jar:/home/thiago/.m2/repository/org/hibernate/common/hibernate-commons-annotations/5.1.2.Final/hibernate-commons-annotations-5.1.2.Final.jar:/home/thiago/.m2/repository/org/glassfish/jaxb/jaxb-runtime/2.3.3/jaxb-runtime-2.3.3.jar:/home/thiago/.m2/repository/org/glassfish/jaxb/txw2/2.3.3/txw2-2.3.3.jar:/home/thiago/.m2/repository/com/sun/istack/istack-commons-runtime/3.0.11/istack-commons-runtime-3.0.11.jar:/home/thiago/.m2/repository/org/springframework/data/spring-data-jpa/2.4.1/spring-data-jpa-2.4.1.jar:/home/thiago/.m2/repository/org/springframework/spring-orm/5.3.1/spring-orm-5.3.1.jar:/home/thiago/.m2/repository/org/springframework/spring-aspects/5.3.1/spring-aspects-5.3.1.jar:/home/thiago/.m2/repository/org/springframework/boot/spring-boot-starter-mail/2.4.0/spring-boot-starter-mail-2.4.0.jar:/home/thiago/.m2/repository/com/sun/mail/jakarta.mail/1.6.5/jakarta.mail-1.6.5.jar:/home/thiago/.m2/repository/com/sun/activation/jakarta.activation/1.2.2/jakarta.activation-1.2.2.jar:/home/thiago/.m2/repository/org/springframework/boot/spring-boot-starter-security/2.4.0/spring-boot-starter-security-2.4.0.jar:/home/thiago/.m2/repository/org/springframework/spring-aop/5.3.1/spring-aop-5.3.1.jar:/home/thiago/.m2/repository/org/springframework/security/spring-security-config/5.4.1/spring-security-config-5.4.1.jar:/home/thiago/.m2/repository/org/springframework/security/spring-security-web/5.4.1/spring-security-web-5.4.1.jar:/home/thiago/.m2/repository/org/springframework/spring-expression/5.3.1/spring-expression-5.3.1.jar:/home/thiago/.m2/repository/org/springframework/boot/spring-boot-starter-web/2.4.0/spring-boot-starter-web-2.4.0.jar:/home/thiago/.m2/repository/org/springframework/boot/spring-boot-starter-tomcat/2.4.0/spring-boot-starter-tomcat-2.4.0.jar:/home/thiago/.m2/repository/org/apache/tomcat/embed/tomcat-embed-core/9.0.39/tomcat-embed-core-9.0.39.jar:/home/thiago/.m2/repository/org/glassfish/jakarta.el/3.0.3/jakarta.el-3.0.3.jar:/home/thiago/.m2/repository/org/apache/tomcat/embed/tomcat-embed-websocket/9.0.39/tomcat-embed-websocket-9.0.39.jar:/home/thiago/.m2/repository/org/springframework/spring-web/5.3.1/spring-web-5.3.1.jar:/home/thiago/.m2/repository/org/springframework/spring-webmvc/5.3.1/spring-webmvc-5.3.1.jar:/home/thiago/.m2/repository/org/springframework/boot/spring-boot-devtools/2.4.0/spring-boot-devtools-2.4.0.jar:/home/thiago/.m2/repository/org/springframework/boot/spring-boot/2.4.0/spring-boot-2.4.0.jar:/home/thiago/.m2/repository/org/springframework/boot/spring-boot-autoconfigure/2.4.0/spring-boot-autoconfigure-2.4.0.jar:/home/thiago/.m2/repository/com/h2database/h2/1.4.200/h2-1.4.200.jar:/home/thiago/.m2/repository/org/springframework/security/spring-security-data/5.4.1/spring-security-data-5.4.1.jar:/home/thiago/.m2/repository/javax/xml/bind/jaxb-api/2.3.1/jaxb-api-2.3.1.jar:/home/thiago/.m2/repository/javax/activation/javax.activation-api/1.2.0/javax.activation-api-1.2.0.jar:/home/thiago/.m2/repository/org/springframework/data/spring-data-commons/2.4.1/spring-data-commons-2.4.1.jar:/home/thiago/.m2/repository/org/springframework/security/spring-security-core/5.4.1/spring-security-core-5.4.1.jar:/home/thiago/.m2/repository/org/springframework/spring-core/5.3.1/spring-core-5.3.1.jar:/home/thiago/.m2/repository/org/springframework/spring-jcl/5.3.1/spring-jcl-5.3.1.jar:/home/thiago/.m2/repository/io/springfox/springfox-boot-starter/3.0.0/springfox-boot-starter-3.0.0.jar:/home/thiago/.m2/repository/io/springfox/springfox-oas/3.0.0/springfox-oas-3.0.0.jar:/home/thiago/.m2/repository/io/swagger/core/v3/swagger-annotations/2.1.2/swagger-annotations-2.1.2.jar:/home/thiago/.m2/repository/io/swagger/core/v3/swagger-models/2.1.2/swagger-models-2.1.2.jar:/home/thiago/.m2/repository/io/springfox/springfox-spi/3.0.0/springfox-spi-3.0.0.jar:/home/thiago/.m2/repository/io/springfox/springfox-schema/3.0.0/springfox-schema-3.0.0.jar:/home/thiago/.m2/repository/io/springfox/springfox-core/3.0.0/springfox-core-3.0.0.jar:/home/thiago/.m2/repository/io/springfox/springfox-spring-web/3.0.0/springfox-spring-web-3.0.0.jar:/home/thiago/.m2/repository/io/github/classgraph/classgraph/4.8.83/classgraph-4.8.83.jar:/home/thiago/.m2/repository/io/springfox/springfox-spring-webmvc/3.0.0/springfox-spring-webmvc-3.0.0.jar:/home/thiago/.m2/repository/io/springfox/springfox-spring-webflux/3.0.0/springfox-spring-webflux-3.0.0.jar:/home/thiago/.m2/repository/io/springfox/springfox-swagger-common/3.0.0/springfox-swagger-common-3.0.0.jar:/home/thiago/.m2/repository/org/mapstruct/mapstruct/1.3.1.Final/mapstruct-1.3.1.Final.jar:/home/thiago/.m2/repository/io/springfox/springfox-data-rest/3.0.0/springfox-data-rest-3.0.0.jar:/home/thiago/.m2/repository/io/springfox/springfox-bean-validators/3.0.0/springfox-bean-validators-3.0.0.jar:/home/thiago/.m2/repository/io/springfox/springfox-swagger2/3.0.0/springfox-swagger2-3.0.0.jar:/home/thiago/.m2/repository/io/swagger/swagger-annotations/1.5.20/swagger-annotations-1.5.20.jar:/home/thiago/.m2/repository/io/swagger/swagger-models/1.5.20/swagger-models-1.5.20.jar:/home/thiago/.m2/repository/io/springfox/springfox-swagger-ui/3.0.0/springfox-swagger-ui-3.0.0.jar:/home/thiago/.m2/repository/com/fasterxml/classmate/1.5.1/classmate-1.5.1.jar:/home/thiago/.m2/repository/org/springframework/plugin/spring-plugin-core/2.0.0.RELEASE/spring-plugin-core-2.0.0.RELEASE.jar:/home/thiago/.m2/repository/org/springframework/plugin/spring-plugin-metadata/2.0.0.RELEASE/spring-plugin-metadata-2.0.0.RELEASE.jar:/home/thiago/.m2/repository/org/springframework/boot/spring-boot-configuration-processor/2.4.0/spring-boot-configuration-processor-2.4.0.jar:/home/thiago/.m2/repository/org/projectlombok/lombok/1.18.16/lombok-1.18.16.jar:/home/thiago/.m2/repository/org/springframework/boot/spring-boot-starter-test/2.4.0/spring-boot-starter-test-2.4.0.jar:/home/thiago/.m2/repository/org/springframework/boot/spring-boot-test/2.4.0/spring-boot-test-2.4.0.jar:/home/thiago/.m2/repository/org/springframework/boot/spring-boot-test-autoconfigure/2.4.0/spring-boot-test-autoconfigure-2.4.0.jar:/home/thiago/.m2/repository/com/jayway/jsonpath/json-path/2.4.0/json-path-2.4.0.jar:/home/thiago/.m2/repository/net/minidev/json-smart/2.3/json-smart-2.3.jar:/home/thiago/.m2/repository/net/minidev/accessors-smart/1.2/accessors-smart-1.2.jar:/home/thiago/.m2/repository/org/ow2/asm/asm/5.0.4/asm-5.0.4.jar:/home/thiago/.m2/repository/jakarta/xml/bind/jakarta.xml.bind-api/2.3.3/jakarta.xml.bind-api-2.3.3.jar:/home/thiago/.m2/repository/jakarta/activation/jakarta.activation-api/1.2.2/jakarta.activation-api-1.2.2.jar:/home/thiago/.m2/repository/org/assertj/assertj-core/3.18.1/assertj-core-3.18.1.jar:/home/thiago/.m2/repository/org/hamcrest/hamcrest/2.2/hamcrest-2.2.jar:/home/thiago/.m2/repository/org/junit/jupiter/junit-jupiter/5.7.0/junit-jupiter-5.7.0.jar:/home/thiago/.m2/repository/org/junit/jupiter/junit-jupiter-api/5.7.0/junit-jupiter-api-5.7.0.jar:/home/thiago/.m2/repository/org/apiguardian/apiguardian-api/1.1.0/apiguardian-api-1.1.0.jar:/home/thiago/.m2/repository/org/opentest4j/opentest4j/1.2.0/opentest4j-1.2.0.jar:/home/thiago/.m2/repository/org/junit/platform/junit-platform-commons/1.7.0/junit-platform-commons-1.7.0.jar:/home/thiago/.m2/repository/org/junit/jupiter/junit-jupiter-params/5.7.0/junit-jupiter-params-5.7.0.jar:/home/thiago/.m2/repository/org/junit/jupiter/junit-jupiter-engine/5.7.0/junit-jupiter-engine-5.7.0.jar:/home/thiago/.m2/repository/org/junit/platform/junit-platform-engine/1.7.0/junit-platform-engine-1.7.0.jar:/home/thiago/.m2/repository/org/mockito/mockito-core/3.6.0/mockito-core-3.6.0.jar:/home/thiago/.m2/repository/net/bytebuddy/byte-buddy-agent/1.10.18/byte-buddy-agent-1.10.18.jar:/home/thiago/.m2/repository/org/objenesis/objenesis/3.1/objenesis-3.1.jar:/home/thiago/.m2/repository/org/mockito/mockito-junit-jupiter/3.6.0/mockito-junit-jupiter-3.6.0.jar:/home/thiago/.m2/repository/org/skyscreamer/jsonassert/1.5.0/jsonassert-1.5.0.jar:/home/thiago/.m2/repository/com/vaadin/external/google/android-json/0.0.20131108.vaadin1/android-json-0.0.20131108.vaadin1.jar:/home/thiago/.m2/repository/org/springframework/spring-test/5.3.1/spring-test-5.3.1.jar:/home/thiago/.m2/repository/org/xmlunit/xmlunit-core/2.7.0/xmlunit-core-2.7.0.jar:/home/thiago/.m2/repository/org/springframework/security/spring-security-test/5.4.1/spring-security-test-5.4.1.jar:/home/thiago/.m2/repository/io/projectreactor/reactor-test/3.4.0/reactor-test-3.4.0.jar:"/>
    <property name="java.vm.vendor" value="Amazon.com Inc."/>
    <property name="sun.arch.data.model" value="64"/>
    <property name="java.vendor.url" value="https://aws.amazon.com/corretto/"/>
    <property name="user.timezone" value=""/>
    <property name="java.vm.specification.version" value="11"/>
    <property name="os.name" value="Linux"/>
    <property name="sun.java.launcher" value="SUN_STANDARD"/>
    <property name="user.country" value="BR"/>
    <property name="sun.boot.library.path" value="/home/thiago/.jdks/corretto-11.0.12/lib"/>
    <property name="sun.java.command" value="/home/thiago/Downloads/InternshipManager/target/surefire/surefirebooter7863970318539461150.jar /home/thiago/Downloads/InternshipManager/target/surefire 2021-08-28T10-53-39_134-jvmRun1 surefire16764881438418468116tmp surefire_05935595006902475369tmp"/>
    <property name="jdk.debug" value="release"/>
    <property name="surefire.test.class.path" value="/home/thiago/Downloads/InternshipManager/target/test-classes:/home/thiago/Downloads/InternshipManager/target/classes:/home/thiago/.m2/repository/com/itextpdf/barcodes/7.1.13/barcodes-7.1.13.jar:/home/thiago/.m2/repository/com/itextpdf/font-asian/7.1.13/font-asian-7.1.13.jar:/home/thiago/.m2/repository/com/itextpdf/forms/7.1.13/forms-7.1.13.jar:/home/thiago/.m2/repository/com/itextpdf/hyph/7.1.13/hyph-7.1.13.jar:/home/thiago/.m2/repository/com/itextpdf/pdfa/7.1.13/pdfa-7.1.13.jar:/home/thiago/.m2/repository/com/itextpdf/sign/7.1.13/sign-7.1.13.jar:/home/thiago/.m2/repository/com/itextpdf/styled-xml-parser/7.1.13/styled-xml-parser-7.1.13.jar:/home/thiago/.m2/repository/com/itextpdf/svg/7.1.13/svg-7.1.13.jar:/home/thiago/.m2/repository/com/itextpdf/io/7.1.13/io-7.1.13.jar:/home/thiago/.m2/repository/org/slf4j/slf4j-api/1.7.30/slf4j-api-1.7.30.jar:/home/thiago/.m2/repository/com/itextpdf/kernel/7.1.13/kernel-7.1.13.jar:/home/thiago/.m2/repository/org/bouncycastle/bcpkix-jdk15on/1.64/bcpkix-jdk15on-1.64.jar:/home/thiago/.m2/repository/org/bouncycastle/bcprov-jdk15on/1.64/bcprov-jdk15on-1.64.jar:/home/thiago/.m2/repository/com/itextpdf/layout/7.1.13/layout-7.1.13.jar:/home/thiago/.m2/repository/org/apache/pdfbox/pdfbox/2.0.21/pdfbox-2.0.21.jar:/home/thiago/.m2/repository/org/apache/pdfbox/fontbox/2.0.21/fontbox-2.0.21.jar:/home/thiago/.m2/repository/commons-logging/commons-logging/1.2/commons-logging-1.2.jar:/home/thiago/.m2/repository/org/springframework/boot/spring-boot-starter-rsocket/2.4.0/spring-boot-starter-rsocket-2.4.0.jar:/home/thiago/.m2/repository/org/springframework/boot/spring-boot-starter/2.4.0/spring-boot-starter-2.4.0.jar:/home/thiago/.m2/repository/org/springframework/boot/spring-boot-starter-logging/2.4.0/spring-boot-starter-logging-2.4.0.jar:/home/thiago/.m2/repository/ch/qos/logback/logback-classic/1.2.3/logback-classic-1.2.3.jar:/home/thiago/.m2/repository/ch/qos/logback/logback-core/1.2.3/logback-core-1.2.3.jar:/home/thiago/.m2/repository/org/apache/logging/log4j/log4j-to-slf4j/2.13.3/log4j-to-slf4j-2.13.3.jar:/home/thiago/.m2/repository/org/apache/logging/log4j/log4j-api/2.13.3/log4j-api-2.13.3.jar:/home/thiago/.m2/repository/org/slf4j/jul-to-slf4j/1.7.30/jul-to-slf4j-1.7.30.jar:/home/thiago/.m2/repository/jakarta/annotation/jakarta.annotation-api/1.3.5/jakarta.annotation-api-1.3.5.jar:/home/thiago/.m2/repository/org/yaml/snakeyaml/1.27/snakeyaml-1.27.jar:/home/thiago/.m2/repository/org/springframework/boot/spring-boot-starter-json/2.4.0/spring-boot-starter-json-2.4.0.jar:/home/thiago/.m2/repository/com/fasterxml/jackson/core/jackson-databind/2.11.3/jackson-databind-2.11.3.jar:/home/thiago/.m2/repository/com/fasterxml/jackson/core/jackson-annotations/2.11.3/jackson-annotations-2.11.3.jar:/home/thiago/.m2/repository/com/fasterxml/jackson/datatype/jackson-datatype-jdk8/2.11.3/jackson-datatype-jdk8-2.11.3.jar:/home/thiago/.m2/repository/com/fasterxml/jackson/datatype/jackson-datatype-jsr310/2.11.3/jackson-datatype-jsr310-2.11.3.jar:/home/thiago/.m2/repository/com/fasterxml/jackson/module/jackson-module-parameter-names/2.11.3/jackson-module-parameter-names-2.11.3.jar:/home/thiago/.m2/repository/org/springframework/boot/spring-boot-starter-reactor-netty/2.4.0/spring-boot-starter-reactor-netty-2.4.0.jar:/home/thiago/.m2/repository/com/fasterxml/jackson/dataformat/jackson-dataformat-cbor/2.11.3/jackson-dataformat-cbor-2.11.3.jar:/home/thiago/.m2/repository/com/fasterxml/jackson/core/jackson-core/2.11.3/jackson-core-2.11.3.jar:/home/thiago/.m2/repository/io/rsocket/rsocket-core/1.1.0/rsocket-core-1.1.0.jar:/home/thiago/.m2/repository/io/netty/netty-buffer/4.1.54.Final/netty-buffer-4.1.54.Final.jar:/home/thiago/.m2/repository/io/netty/netty-common/4.1.54.Final/netty-common-4.1.54.Final.jar:/home/thiago/.m2/repository/io/rsocket/rsocket-transport-netty/1.1.0/rsocket-transport-netty-1.1.0.jar:/home/thiago/.m2/repository/org/springframework/spring-messaging/5.3.1/spring-messaging-5.3.1.jar:/home/thiago/.m2/repository/org/springframework/spring-beans/5.3.1/spring-beans-5.3.1.jar:/home/thiago/.m2/repository/io/projectreactor/reactor-core/3.4.0/reactor-core-3.4.0.jar:/home/thiago/.m2/repository/org/reactivestreams/reactive-streams/1.0.3/reactive-streams-1.0.3.jar:/home/thiago/.m2/repository/io/projectreactor/netty/reactor-netty/1.0.1/reactor-netty-1.0.1.jar:/home/thiago/.m2/repository/io/projectreactor/netty/reactor-netty-core/1.0.1/reactor-netty-core-1.0.1.jar:/home/thiago/.m2/repository/io/netty/netty-handler/4.1.54.Final/netty-handler-4.1.54.Final.jar:/home/thiago/.m2/repository/io/netty/netty-resolver/4.1.54.Final/netty-resolver-4.1.54.Final.jar:/home/thiago/.m2/repository/io/netty/netty-transport/4.1.54.Final/netty-transport-4.1.54.Final.jar:/home/thiago/.m2/repository/io/netty/netty-codec/4.1.54.Final/netty-codec-4.1.54.Final.jar:/home/thiago/.m2/repository/io/netty/netty-handler-proxy/4.1.54.Final/netty-handler-proxy-4.1.54.Final.jar:/home/thiago/.m2/repository/io/netty/netty-codec-socks/4.1.54.Final/netty-codec-socks-4.1.54.Final.jar:/home/thiago/.m2/repository/io/netty/netty-resolver-dns/4.1.54.Final/netty-resolver-dns-4.1.54.Final.jar:/home/thiago/.m2/repository/io/netty/netty-codec-dns/4.1.54.Final/netty-codec-dns-4.1.54.Final.jar:/home/thiago/.m2/repository/io/netty/netty-transport-native-epoll/4.1.54.Final/netty-transport-native-epoll-4.1.54.Final-linux-x86_64.jar:/home/thiago/.m2/repository/io/netty/netty-transport-native-unix-common/4.1.54.Final/netty-transport-native-unix-common-4.1.54.Final.jar:/home/thiago/.m2/repository/io/projectreactor/netty/reactor-netty-http/1.0.1/reactor-netty-http-1.0.1.jar:/home/thiago/.m2/repository/io/netty/netty-codec-http/4.1.54.Final/netty-codec-http-4.1.54.Final.jar:/home/thiago/.m2/repository/io/netty/netty-codec-http2/4.1.54.Final/netty-codec-http2-4.1.54.Final.jar:/home/thiago/.m2/repository/io/projectreactor/netty/reactor-netty-http-brave/1.0.1/reactor-netty-http-brave-1.0.1.jar:/home/thiago/.m2/repository/io/zipkin/brave/brave-instrumentation-http/5.13.1/brave-instrumentation-http-5.13.1.jar:/home/thiago/.m2/repository/io/zipkin/brave/brave/5.13.1/brave-5.13.1.jar:/home/thiago/.m2/repository/io/zipkin/reporter2/zipkin-reporter-brave/2.16.0/zipkin-reporter-brave-2.16.0.jar:/home/thiago/.m2/repository/io/zipkin/reporter2/zipkin-reporter/2.16.0/zipkin-reporter-2.16.0.jar:/home/thiago/.m2/repository/io/zipkin/zipkin2/zipkin/2.22.2/zipkin-2.22.2.jar:/home/thiago/.m2/repository/org/springframework/boot/spring-boot-starter-quartz/2.4.0/spring-boot-starter-quartz-2.4.0.jar:/home/thiago/.m2/repository/org/springframework/spring-context-support/5.3.1/spring-context-support-5.3.1.jar:/home/thiago/.m2/repository/org/springframework/spring-context/5.3.1/spring-context-5.3.1.jar:/home/thiago/.m2/repository/org/springframework/spring-tx/5.3.1/spring-tx-5.3.1.jar:/home/thiago/.m2/repository/org/quartz-scheduler/quartz/2.3.2/quartz-2.3.2.jar:/home/thiago/.m2/repository/com/mchange/mchange-commons-java/0.2.15/mchange-commons-java-0.2.15.jar:/home/thiago/.m2/repository/org/springframework/boot/spring-boot-starter-actuator/2.4.0/spring-boot-starter-actuator-2.4.0.jar:/home/thiago/.m2/repository/org/springframework/boot/spring-boot-actuator-autoconfigure/2.4.0/spring-boot-actuator-autoconfigure-2.4.0.jar:/home/thiago/.m2/repository/org/springframework/boot/spring-boot-actuator/2.4.0/spring-boot-actuator-2.4.0.jar:/home/thiago/.m2/repository/io/micrometer/micrometer-core/1.6.1/micrometer-core-1.6.1.jar:/home/thiago/.m2/repository/org/hdrhistogram/HdrHistogram/2.1.12/HdrHistogram-2.1.12.jar:/home/thiago/.m2/repository/org/latencyutils/LatencyUtils/2.0.3/LatencyUtils-2.0.3.jar:/home/thiago/.m2/repository/org/springframework/boot/spring-boot-starter-data-jpa/2.4.0/spring-boot-starter-data-jpa-2.4.0.jar:/home/thiago/.m2/repository/org/springframework/boot/spring-boot-starter-aop/2.4.0/spring-boot-starter-aop-2.4.0.jar:/home/thiago/.m2/repository/org/aspectj/aspectjweaver/1.9.6/aspectjweaver-1.9.6.jar:/home/thiago/.m2/repository/org/springframework/boot/spring-boot-starter-jdbc/2.4.0/spring-boot-starter-jdbc-2.4.0.jar:/home/thiago/.m2/repository/com/zaxxer/HikariCP/3.4.5/HikariCP-3.4.5.jar:/home/thiago/.m2/repository/org/springframework/spring-jdbc/5.3.1/spring-jdbc-5.3.1.jar:/home/thiago/.m2/repository/jakarta/transaction/jakarta.transaction-api/1.3.3/jakarta.transaction-api-1.3.3.jar:/home/thiago/.m2/repository/jakarta/persistence/jakarta.persistence-api/2.2.3/jakarta.persistence-api-2.2.3.jar:/home/thiago/.m2/repository/org/hibernate/hibernate-core/5.4.23.Final/hibernate-core-5.4.23.Final.jar:/home/thiago/.m2/repository/org/jboss/logging/jboss-logging/3.4.1.Final/jboss-logging-3.4.1.Final.jar:/home/thiago/.m2/repository/org/javassist/javassist/3.24.0-GA/javassist-3.24.0-GA.jar:/home/thiago/.m2/repository/net/bytebuddy/byte-buddy/1.10.18/byte-buddy-1.10.18.jar:/home/thiago/.m2/repository/antlr/antlr/2.7.7/antlr-2.7.7.jar:/home/thiago/.m2/repository/org/jboss/jandex/2.1.3.Final/jandex-2.1.3.Final.jar:/home/thiago/.m2/repository/org/dom4j/dom4j/2.1.3/dom4j-2.1.3.jar:/home/thiago/.m2/repository/org/hibernate/common/hibernate-commons-annotations/5.1.2.Final/hibernate-commons-annotations-5.1.2.Final.jar:/home/thiago/.m2/repository/org/glassfish/jaxb/jaxb-runtime/2.3.3/jaxb-runtime-2.3.3.jar:/home/thiago/.m2/repository/org/glassfish/jaxb/txw2/2.3.3/txw2-2.3.3.jar:/home/thiago/.m2/repository/com/sun/istack/istack-commons-runtime/3.0.11/istack-commons-runtime-3.0.11.jar:/home/thiago/.m2/repository/org/springframework/data/spring-data-jpa/2.4.1/spring-data-jpa-2.4.1.jar:/home/thiago/.m2/repository/org/springframework/spring-orm/5.3.1/spring-orm-5.3.1.jar:/home/thiago/.m2/repository/org/springframework/spring-aspects/5.3.1/spring-aspects-5.3.1.jar:/home/thiago/.m2/repository/org/springframework/boot/spring-boot-starter-mail/2.4.0/spring-boot-starter-mail-2.4.0.jar:/home/thiago/.m2/repository/com/sun/mail/jakarta.mail/1.6.5/jakarta.mail-1.6.5.jar:/home/thiago/.m2/repository/com/sun/activation/jakarta.activation/1.2.2/jakarta.activation-1.2.2.jar:/home/thiago/.m2/repository/org/springframework/boot/spring-boot-starter-security/2.4.0/spring-boot-starter-security-2.4.0.jar:/home/thiago/.m2/repository/org/springframework/spring-aop/5.3.1/spring-aop-5.3.1.jar:/home/thiago/.m2/repository/org/springframework/security/spring-security-config/5.4.1/spring-security-config-5.4.1.jar:/home/thiago/.m2/repository/org/springframework/security/spring-security-web/5.4.1/spring-security-web-5.4.1.jar:/home/thiago/.m2/repository/org/springframework/spring-expression/5.3.1/spring-expression-5.3.1.jar:/home/thiago/.m2/repository/org/springframework/boot/spring-boot-starter-web/2.4.0/spring-boot-starter-web-2.4.0.jar:/home/thiago/.m2/repository/org/springframework/boot/spring-boot-starter-tomcat/2.4.0/spring-boot-starter-tomcat-2.4.0.jar:/home/thiago/.m2/repository/org/apache/tomcat/embed/tomcat-embed-core/9.0.39/tomcat-embed-core-9.0.39.jar:/home/thiago/.m2/repository/org/glassfish/jakarta.el/3.0.3/jakarta.el-3.0.3.jar:/home/thiago/.m2/repository/org/apache/tomcat/embed/tomcat-embed-websocket/9.0.39/tomcat-embed-websocket-9.0.39.jar:/home/thiago/.m2/repository/org/springframework/spring-web/5.3.1/spring-web-5.3.1.jar:/home/thiago/.m2/repository/org/springframework/spring-webmvc/5.3.1/spring-webmvc-5.3.1.jar:/home/thiago/.m2/repository/org/springframework/boot/spring-boot-devtools/2.4.0/spring-boot-devtools-2.4.0.jar:/home/thiago/.m2/repository/org/springframework/boot/spring-boot/2.4.0/spring-boot-2.4.0.jar:/home/thiago/.m2/repository/org/springframework/boot/spring-boot-autoconfigure/2.4.0/spring-boot-autoconfigure-2.4.0.jar:/home/thiago/.m2/repository/com/h2database/h2/1.4.200/h2-1.4.200.jar:/home/thiago/.m2/repository/org/springframework/security/spring-security-data/5.4.1/spring-security-data-5.4.1.jar:/home/thiago/.m2/repository/javax/xml/bind/jaxb-api/2.3.1/jaxb-api-2.3.1.jar:/home/thiago/.m2/repository/javax/activation/javax.activation-api/1.2.0/javax.activation-api-1.2.0.jar:/home/thiago/.m2/repository/org/springframework/data/spring-data-commons/2.4.1/spring-data-commons-2.4.1.jar:/home/thiago/.m2/repository/org/springframework/security/spring-security-core/5.4.1/spring-security-core-5.4.1.jar:/home/thiago/.m2/repository/org/springframework/spring-core/5.3.1/spring-core-5.3.1.jar:/home/thiago/.m2/repository/org/springframework/spring-jcl/5.3.1/spring-jcl-5.3.1.jar:/home/thiago/.m2/repository/io/springfox/springfox-boot-starter/3.0.0/springfox-boot-starter-3.0.0.jar:/home/thiago/.m2/repository/io/springfox/springfox-oas/3.0.0/springfox-oas-3.0.0.jar:/home/thiago/.m2/repository/io/swagger/core/v3/swagger-annotations/2.1.2/swagger-annotations-2.1.2.jar:/home/thiago/.m2/repository/io/swagger/core/v3/swagger-models/2.1.2/swagger-models-2.1.2.jar:/home/thiago/.m2/repository/io/springfox/springfox-spi/3.0.0/springfox-spi-3.0.0.jar:/home/thiago/.m2/repository/io/springfox/springfox-schema/3.0.0/springfox-schema-3.0.0.jar:/home/thiago/.m2/repository/io/springfox/springfox-core/3.0.0/springfox-core-3.0.0.jar:/home/thiago/.m2/repository/io/springfox/springfox-spring-web/3.0.0/springfox-spring-web-3.0.0.jar:/home/thiago/.m2/repository/io/github/classgraph/classgraph/4.8.83/classgraph-4.8.83.jar:/home/thiago/.m2/repository/io/springfox/springfox-spring-webmvc/3.0.0/springfox-spring-webmvc-3.0.0.jar:/home/thiago/.m2/repository/io/springfox/springfox-spring-webflux/3.0.0/springfox-spring-webflux-3.0.0.jar:/home/thiago/.m2/repository/io/springfox/springfox-swagger-common/3.0.0/springfox-swagger-common-3.0.0.jar:/home/thiago/.m2/repository/org/mapstruct/mapstruct/1.3.1.Final/mapstruct-1.3.1.Final.jar:/home/thiago/.m2/repository/io/springfox/springfox-data-rest/3.0.0/springfox-data-rest-3.0.0.jar:/home/thiago/.m2/repository/io/springfox/springfox-bean-validators/3.0.0/springfox-bean-validators-3.0.0.jar:/home/thiago/.m2/repository/io/springfox/springfox-swagger2/3.0.0/springfox-swagger2-3.0.0.jar:/home/thiago/.m2/repository/io/swagger/swagger-annotations/1.5.20/swagger-annotations-1.5.20.jar:/home/thiago/.m2/repository/io/swagger/swagger-models/1.5.20/swagger-models-1.5.20.jar:/home/thiago/.m2/repository/io/springfox/springfox-swagger-ui/3.0.0/springfox-swagger-ui-3.0.0.jar:/home/thiago/.m2/repository/com/fasterxml/classmate/1.5.1/classmate-1.5.1.jar:/home/thiago/.m2/repository/org/springframework/plugin/spring-plugin-core/2.0.0.RELEASE/spring-plugin-core-2.0.0.RELEASE.jar:/home/thiago/.m2/repository/org/springframework/plugin/spring-plugin-metadata/2.0.0.RELEASE/spring-plugin-metadata-2.0.0.RELEASE.jar:/home/thiago/.m2/repository/org/springframework/boot/spring-boot-configuration-processor/2.4.0/spring-boot-configuration-processor-2.4.0.jar:/home/thiago/.m2/repository/org/projectlombok/lombok/1.18.16/lombok-1.18.16.jar:/home/thiago/.m2/repository/org/springframework/boot/spring-boot-starter-test/2.4.0/spring-boot-starter-test-2.4.0.jar:/home/thiago/.m2/repository/org/springframework/boot/spring-boot-test/2.4.0/spring-boot-test-2.4.0.jar:/home/thiago/.m2/repository/org/springframework/boot/spring-boot-test-autoconfigure/2.4.0/spring-boot-test-autoconfigure-2.4.0.jar:/home/thiago/.m2/repository/com/jayway/jsonpath/json-path/2.4.0/json-path-2.4.0.jar:/home/thiago/.m2/repository/net/minidev/json-smart/2.3/json-smart-2.3.jar:/home/thiago/.m2/repository/net/minidev/accessors-smart/1.2/accessors-smart-1.2.jar:/home/thiago/.m2/repository/org/ow2/asm/asm/5.0.4/asm-5.0.4.jar:/home/thiago/.m2/repository/jakarta/xml/bind/jakarta.xml.bind-api/2.3.3/jakarta.xml.bind-api-2.3.3.jar:/home/thiago/.m2/repository/jakarta/activation/jakarta.activation-api/1.2.2/jakarta.activation-api-1.2.2.jar:/home/thiago/.m2/repository/org/assertj/assertj-core/3.18.1/assertj-core-3.18.1.jar:/home/thiago/.m2/repository/org/hamcrest/hamcrest/2.2/hamcrest-2.2.jar:/home/thiago/.m2/repository/org/junit/jupiter/junit-jupiter/5.7.0/junit-jupiter-5.7.0.jar:/home/thiago/.m2/repository/org/junit/jupiter/junit-jupiter-api/5.7.0/junit-jupiter-api-5.7.0.jar:/home/thiago/.m2/repository/org/apiguardian/apiguardian-api/1.1.0/apiguardian-api-1.1.0.jar:/home/thiago/.m2/repository/org/opentest4j/opentest4j/1.2.0/opentest4j-1.2.0.jar:/home/thiago/.m2/repository/org/junit/platform/junit-platform-commons/1.7.0/junit-platform-commons-1.7.0.jar:/home/thiago/.m2/repository/org/junit/jupiter/junit-jupiter-params/5.7.0/junit-jupiter-params-5.7.0.jar:/home/thiago/.m2/repository/org/junit/jupiter/junit-jupiter-engine/5.7.0/junit-jupiter-engine-5.7.0.jar:/home/thiago/.m2/repository/org/junit/platform/junit-platform-engine/1.7.0/junit-platform-engine-1.7.0.jar:/home/thiago/.m2/repository/org/mockito/mockito-core/3.6.0/mockito-core-3.6.0.jar:/home/thiago/.m2/repository/net/bytebuddy/byte-buddy-agent/1.10.18/byte-buddy-agent-1.10.18.jar:/home/thiago/.m2/repository/org/objenesis/objenesis/3.1/objenesis-3.1.jar:/home/thiago/.m2/repository/org/mockito/mockito-junit-jupiter/3.6.0/mockito-junit-jupiter-3.6.0.jar:/home/thiago/.m2/repository/org/skyscreamer/jsonassert/1.5.0/jsonassert-1.5.0.jar:/home/thiago/.m2/repository/com/vaadin/external/google/android-json/0.0.20131108.vaadin1/android-json-0.0.20131108.vaadin1.jar:/home/thiago/.m2/repository/org/springframework/spring-test/5.3.1/spring-test-5.3.1.jar:/home/thiago/.m2/repository/org/xmlunit/xmlunit-core/2.7.0/xmlunit-core-2.7.0.jar:/home/thiago/.m2/repository/org/springframework/security/spring-security-test/5.4.1/spring-security-test-5.4.1.jar:/home/thiago/.m2/repository/io/projectreactor/reactor-test/3.4.0/reactor-test-3.4.0.jar:"/>
    <property name="sun.cpu.endian" value="little"/>
    <property name="user.home" value="/home/thiago"/>
    <property name="user.language" value="pt"/>
    <property name="java.specification.vendor" value="Oracle Corporation"/>
    <property name="java.version.date" value="2021-07-20"/>
    <property name="java.home" value="/home/thiago/.jdks/corretto-11.0.12"/>
    <property name="file.separator" value="/"/>
    <property name="basedir" value="/home/thiago/Downloads/InternshipManager"/>
    <property name="java.vm.compressedOopsMode" value="Zero based"/>
    <property name="line.separator" value="&#10;"/>
    <property name="java.specification.name" value="Java Platform API Specification"/>
    <property name="java.vm.specification.vendor" value="Oracle Corporation"/>
    <property name="java.awt.graphicsenv" value="sun.awt.X11GraphicsEnvironment"/>
    <property name="surefire.real.class.path" value="/home/thiago/Downloads/InternshipManager/target/surefire/surefirebooter7863970318539461150.jar"/>
    <property name="sun.management.compiler" value="HotSpot 64-Bit Tiered Compilers"/>
    <property name="java.runtime.version" value="11.0.12+7-LTS"/>
    <property name="user.name" value="thiago"/>
    <property name="path.separator" value=":"/>
    <property name="os.version" value="5.11.0-27-generic"/>
    <property name="java.runtime.name" value="OpenJDK Runtime Environment"/>
    <property name="file.encoding" value="UTF-8"/>
    <property name="java.vm.name" value="OpenJDK 64-Bit Server VM"/>
    <property name="java.vendor.version" value="Corretto-11.0.12.7.1"/>
    <property name="localRepository" value="/home/thiago/.m2/repository"/>
    <property name="java.vendor.url.bug" value="https://github.com/corretto/corretto-11/issues/"/>
    <property name="java.io.tmpdir" value="/tmp"/>
    <property name="idea.version" value="2021.1.2"/>
    <property name="java.version" value="11.0.12"/>
    <property name="user.dir" value="/home/thiago/Downloads/InternshipManager"/>
    <property name="os.arch" value="amd64"/>
    <property name="java.vm.specification.name" value="Java Virtual Machine Specification"/>
    <property name="java.awt.printerjob" value="sun.print.PSPrinterJob"/>
    <property name="sun.os.patch.level" value="unknown"/>
    <property name="java.library.path" value="/usr/java/packages/lib:/usr/lib64:/lib64:/lib:/usr/lib"/>
    <property name="java.vm.info" value="mixed mode"/>
    <property name="java.vendor" value="Amazon.com Inc."/>
    <property name="java.vm.version" value="11.0.12+7-LTS"/>
    <property name="sun.io.unicode.encoding" value="UnicodeLittle"/>
    <property name="java.class.version" value="55.0"/>
  </properties>
  <testcase name="notifyTest" classname="com.power222.tuimspfcauppbj.service.RsocketNotificationServiceTests" time="0.037"/>
  <testcase name="subscribeToAcksZeroUUIDTest" classname="com.power222.tuimspfcauppbj.service.RsocketNotificationServiceTests" time="0.006"/>
  <testcase name="subscribeToAcksTest" classname="com.power222.tuimspfcauppbj.service.RsocketNotificationServiceTests" time="0"/>
  <testcase name="notifyNoSinkTest" classname="com.power222.tuimspfcauppbj.service.RsocketNotificationServiceTests" time="0.001"/>
  <testcase name="multipleSubscribeForUserTest" classname="com.power222.tuimspfcauppbj.service.RsocketNotificationServiceTests" time="2.034"/>
  <testcase name="subscribeForUserTest" classname="com.power222.tuimspfcauppbj.service.RsocketNotificationServiceTests" time="1.003"/>
  <testcase name="subscribeForUserOnErrorTest" classname="com.power222.tuimspfcauppbj.service.RsocketNotificationServiceTests" time="0.005"/>
</testsuite>